****                   ADMIXTURE Version 1.3.0                  ****
****                    Copyright 2008-2015                     ****
****           David Alexander, Suyash Shringarpure,            ****
****                John  Novembre, Ken Lange                   ****
****                                                            ****
****                 Please cite our paper!                     ****
****   Information at www.genetics.ucla.edu/software/admixture  ****

Cross-validation will be performed.  Folds=5.
Random seed: 43
Point estimation method: Block relaxation algorithm
Convergence acceleration algorithm: QuasiNewton, 3 secant conditions
Point estimation will terminate when objective function delta < 0.0001
Estimation of standard errors disabled; will compute point estimates only.
Size of G: 78x2414451
Performing five EM steps to prime main algorithm
1 (EM) 	Elapsed: 31.429	Loglikelihood: -1.67956e+08	(delta): 1.05596e+08
2 (EM) 	Elapsed: 31.597	Loglikelihood: -1.60051e+08	(delta): 7.90579e+06
3 (EM) 	Elapsed: 31.131	Loglikelihood: -1.57182e+08	(delta): 2.86895e+06
4 (EM) 	Elapsed: 30.927	Loglikelihood: -1.55017e+08	(delta): 2.16516e+06
5 (EM) 	Elapsed: 31.539	Loglikelihood: -1.53146e+08	(delta): 1.87054e+06
Initial loglikelihood: -1.53146e+08
Starting main algorithm
1 (QN/Block) 	Elapsed: 106.487	Loglikelihood: -1.31346e+08	(delta): 2.17997e+07
2 (QN/Block) 	Elapsed: 104.692	Loglikelihood: -1.2385e+08	(delta): 7.49593e+06
3 (QN/Block) 	Elapsed: 117.085	Loglikelihood: -1.20394e+08	(delta): 3.45605e+06
4 (QN/Block) 	Elapsed: 110.606	Loglikelihood: -1.18354e+08	(delta): 2.04022e+06
5 (QN/Block) 	Elapsed: 107.049	Loglikelihood: -1.17165e+08	(delta): 1.18952e+06
6 (QN/Block) 	Elapsed: 121.501	Loglikelihood: -1.16679e+08	(delta): 485483
7 (QN/Block) 	Elapsed: 116.952	Loglikelihood: -1.16464e+08	(delta): 214963
8 (QN/Block) 	Elapsed: 117.743	Loglikelihood: -1.16337e+08	(delta): 127164
9 (QN/Block) 	Elapsed: 117.17	Loglikelihood: -1.16244e+08	(delta): 93356.4
10 (QN/Block) 	Elapsed: 119.763	Loglikelihood: -1.16166e+08	(delta): 78083.7
11 (QN/Block) 	Elapsed: 117.332	Loglikelihood: -1.1611e+08	(delta): 55434.9
12 (QN/Block) 	Elapsed: 117.583	Loglikelihood: -1.1608e+08	(delta): 29918.6
13 (QN/Block) 	Elapsed: 117.554	Loglikelihood: -1.16029e+08	(delta): 50980.1
14 (QN/Block) 	Elapsed: 117.586	Loglikelihood: -1.16002e+08	(delta): 26744.9
15 (QN/Block) 	Elapsed: 120.311	Loglikelihood: -1.15979e+08	(delta): 23989.7
16 (QN/Block) 	Elapsed: 123.511	Loglikelihood: -1.15945e+08	(delta): 33959.4
17 (QN/Block) 	Elapsed: 120.601	Loglikelihood: -1.15915e+08	(delta): 29858.9
18 (QN/Block) 	Elapsed: 114.216	Loglikelihood: -1.15896e+08	(delta): 18580.8
19 (QN/Block) 	Elapsed: 118.536	Loglikelihood: -1.1589e+08	(delta): 6151.6
20 (QN/Block) 	Elapsed: 119.303	Loglikelihood: -1.15886e+08	(delta): 3668.22
21 (QN/Block) 	Elapsed: 117.805	Loglikelihood: -1.15885e+08	(delta): 1172.85
22 (QN/Block) 	Elapsed: 117.495	Loglikelihood: -1.15883e+08	(delta): 2559.46
23 (QN/Block) 	Elapsed: 120.238	Loglikelihood: -1.15874e+08	(delta): 8562.19
24 (QN/Block) 	Elapsed: 119.079	Loglikelihood: -1.15845e+08	(delta): 28829.3
25 (QN/Block) 	Elapsed: 124.524	Loglikelihood: -1.1583e+08	(delta): 15529.5
26 (QN/Block) 	Elapsed: 114.638	Loglikelihood: -1.15823e+08	(delta): 6497.96
27 (QN/Block) 	Elapsed: 122.268	Loglikelihood: -1.15819e+08	(delta): 4295.18
28 (QN/Block) 	Elapsed: 117.933	Loglikelihood: -1.15813e+08	(delta): 6325.6
29 (QN/Block) 	Elapsed: 117.507	Loglikelihood: -1.15807e+08	(delta): 5215.66
30 (QN/Block) 	Elapsed: 120.966	Loglikelihood: -1.15802e+08	(delta): 5585.83
31 (QN/Block) 	Elapsed: 114.438	Loglikelihood: -1.15797e+08	(delta): 4424.53
32 (QN/Block) 	Elapsed: 117.909	Loglikelihood: -1.15797e+08	(delta): 623.11
33 (QN/Block) 	Elapsed: 117.622	Loglikelihood: -1.15796e+08	(delta): 448.407
34 (QN/Block) 	Elapsed: 117.866	Loglikelihood: -1.15796e+08	(delta): 330.914
35 (QN/Block) 	Elapsed: 126.083	Loglikelihood: -1.15796e+08	(delta): 63.0823
36 (QN/Block) 	Elapsed: 118.843	Loglikelihood: -1.15796e+08	(delta): 4.85902
37 (QN/Block) 	Elapsed: 116.083	Loglikelihood: -1.15796e+08	(delta): 1.03191
38 (QN/Block) 	Elapsed: 116.6	Loglikelihood: -1.15796e+08	(delta): 0.0231013
39 (QN/Block) 	Elapsed: 115.775	Loglikelihood: -1.15796e+08	(delta): 0.00256513
40 (QN/Block) 	Elapsed: 116.359	Loglikelihood: -1.15796e+08	(delta): 0.000336468
41 (QN/Block) 	Elapsed: 118.107	Loglikelihood: -1.15796e+08	(delta): 5.78314e-05
Summary: 
Converged in 41 iterations (5101.08 sec)
Loglikelihood: -115795814.442011
Fst divergences between estimated populations: 
	Pop0	Pop1	Pop2	Pop3	Pop4	Pop5	Pop6	
Pop0	
Pop1	0.207	
Pop2	0.380	0.314	
Pop3	0.246	0.174	0.348	
Pop4	0.363	0.295	0.183	0.332	
Pop5	0.228	0.163	0.345	0.179	0.326	
Pop6	0.329	0.263	0.434	0.223	0.418	0.296	
Pop7	0.241	0.188	0.361	0.211	0.343	0.215	0.293	
CV error (K=8): 1.19837
Writing output files.
