****                   ADMIXTURE Version 1.3.0                  ****
****                    Copyright 2008-2015                     ****
****           David Alexander, Suyash Shringarpure,            ****
****                John  Novembre, Ken Lange                   ****
****                                                            ****
****                 Please cite our paper!                     ****
****   Information at www.genetics.ucla.edu/software/admixture  ****

Cross-validation will be performed.  Folds=5.
Random seed: 43
Point estimation method: Block relaxation algorithm
Convergence acceleration algorithm: QuasiNewton, 3 secant conditions
Point estimation will terminate when objective function delta < 0.0001
Estimation of standard errors disabled; will compute point estimates only.
Size of G: 78x2414451
Performing five EM steps to prime main algorithm
1 (EM) 	Elapsed: 37.194	Loglikelihood: -1.67662e+08	(delta): 1.03732e+08
2 (EM) 	Elapsed: 37.71	Loglikelihood: -1.59668e+08	(delta): 7.99349e+06
3 (EM) 	Elapsed: 37.706	Loglikelihood: -1.56733e+08	(delta): 2.93561e+06
4 (EM) 	Elapsed: 37.512	Loglikelihood: -1.54359e+08	(delta): 2.37332e+06
5 (EM) 	Elapsed: 36.823	Loglikelihood: -1.52088e+08	(delta): 2.27138e+06
Initial loglikelihood: -1.52088e+08
Starting main algorithm
1 (QN/Block) 	Elapsed: 130.387	Loglikelihood: -1.27902e+08	(delta): 2.41861e+07
2 (QN/Block) 	Elapsed: 129.16	Loglikelihood: -1.22451e+08	(delta): 5.45129e+06
3 (QN/Block) 	Elapsed: 139.92	Loglikelihood: -1.19064e+08	(delta): 3.38641e+06
4 (QN/Block) 	Elapsed: 138.133	Loglikelihood: -1.15816e+08	(delta): 3.24835e+06
5 (QN/Block) 	Elapsed: 140.489	Loglikelihood: -1.14537e+08	(delta): 1.27919e+06
6 (QN/Block) 	Elapsed: 126.971	Loglikelihood: -1.14139e+08	(delta): 397766
7 (QN/Block) 	Elapsed: 136.342	Loglikelihood: -1.13941e+08	(delta): 197710
8 (QN/Block) 	Elapsed: 139.524	Loglikelihood: -1.13787e+08	(delta): 154632
9 (QN/Block) 	Elapsed: 140.445	Loglikelihood: -1.13681e+08	(delta): 105728
10 (QN/Block) 	Elapsed: 140.332	Loglikelihood: -1.13585e+08	(delta): 95438.3
11 (QN/Block) 	Elapsed: 138.935	Loglikelihood: -1.13555e+08	(delta): 30160.9
12 (QN/Block) 	Elapsed: 144.349	Loglikelihood: -1.13526e+08	(delta): 29662.2
13 (QN/Block) 	Elapsed: 141.377	Loglikelihood: -1.13493e+08	(delta): 32425
14 (QN/Block) 	Elapsed: 147.698	Loglikelihood: -1.13468e+08	(delta): 25335.5
15 (QN/Block) 	Elapsed: 152.145	Loglikelihood: -1.13454e+08	(delta): 13552
16 (QN/Block) 	Elapsed: 150.084	Loglikelihood: -1.13442e+08	(delta): 12295.4
17 (QN/Block) 	Elapsed: 145.068	Loglikelihood: -1.13431e+08	(delta): 11353.4
18 (QN/Block) 	Elapsed: 150.179	Loglikelihood: -1.13416e+08	(delta): 14239.7
19 (QN/Block) 	Elapsed: 150.761	Loglikelihood: -1.13408e+08	(delta): 8116.27
20 (QN/Block) 	Elapsed: 150.705	Loglikelihood: -1.13395e+08	(delta): 13531.7
21 (QN/Block) 	Elapsed: 149.834	Loglikelihood: -1.13388e+08	(delta): 7015.49
22 (QN/Block) 	Elapsed: 146.721	Loglikelihood: -1.13383e+08	(delta): 4391.07
23 (QN/Block) 	Elapsed: 149.221	Loglikelihood: -1.13378e+08	(delta): 4919.22
24 (QN/Block) 	Elapsed: 149.469	Loglikelihood: -1.13378e+08	(delta): 454.514
25 (QN/Block) 	Elapsed: 151.104	Loglikelihood: -1.13378e+08	(delta): 206.566
26 (QN/Block) 	Elapsed: 150.111	Loglikelihood: -1.13377e+08	(delta): 269.171
27 (QN/Block) 	Elapsed: 148.297	Loglikelihood: -1.13377e+08	(delta): 411.448
28 (QN/Block) 	Elapsed: 149.39	Loglikelihood: -1.13376e+08	(delta): 693.107
29 (QN/Block) 	Elapsed: 151.887	Loglikelihood: -1.13375e+08	(delta): 1258.57
30 (QN/Block) 	Elapsed: 150.489	Loglikelihood: -1.13374e+08	(delta): 1592.35
31 (QN/Block) 	Elapsed: 148.718	Loglikelihood: -1.13373e+08	(delta): 190.269
32 (QN/Block) 	Elapsed: 148.047	Loglikelihood: -1.13373e+08	(delta): 197.021
33 (QN/Block) 	Elapsed: 145.904	Loglikelihood: -1.13373e+08	(delta): 188.538
34 (QN/Block) 	Elapsed: 140.69	Loglikelihood: -1.13373e+08	(delta): 128.824
35 (QN/Block) 	Elapsed: 150.98	Loglikelihood: -1.13373e+08	(delta): 35.4221
36 (QN/Block) 	Elapsed: 140.688	Loglikelihood: -1.13373e+08	(delta): 2.28979
37 (QN/Block) 	Elapsed: 141.774	Loglikelihood: -1.13373e+08	(delta): 1.09683
38 (QN/Block) 	Elapsed: 139.222	Loglikelihood: -1.13373e+08	(delta): 0.436264
39 (QN/Block) 	Elapsed: 141.003	Loglikelihood: -1.13373e+08	(delta): 0.0700527
40 (QN/Block) 	Elapsed: 139.755	Loglikelihood: -1.13373e+08	(delta): 0.0416457
41 (QN/Block) 	Elapsed: 140.261	Loglikelihood: -1.13373e+08	(delta): 0.0120663
42 (QN/Block) 	Elapsed: 140.739	Loglikelihood: -1.13373e+08	(delta): 0.00633992
43 (QN/Block) 	Elapsed: 136.408	Loglikelihood: -1.13373e+08	(delta): 0.0003106
44 (QN/Block) 	Elapsed: 140.292	Loglikelihood: -1.13373e+08	(delta): 0.000404835
45 (QN/Block) 	Elapsed: 141.739	Loglikelihood: -1.13373e+08	(delta): 2.11149e-05
Summary: 
Converged in 45 iterations (6808.06 sec)
Loglikelihood: -113372794.603299
Fst divergences between estimated populations: 
	Pop0	Pop1	Pop2	Pop3	Pop4	Pop5	Pop6	Pop7	
Pop0	
Pop1	0.172	
Pop2	0.333	0.306	
Pop3	0.400	0.378	0.295	
Pop4	0.287	0.262	0.404	0.472	
Pop5	0.217	0.188	0.336	0.407	0.281	
Pop6	0.349	0.327	0.202	0.279	0.422	0.354	
Pop7	0.243	0.232	0.375	0.446	0.310	0.259	0.395	
Pop8	0.224	0.263	0.418	0.488	0.365	0.301	0.435	0.314	
CV error (K=9): 1.23137
Writing output files.
