****                   ADMIXTURE Version 1.3.0                  ****
****                    Copyright 2008-2015                     ****
****           David Alexander, Suyash Shringarpure,            ****
****                John  Novembre, Ken Lange                   ****
****                                                            ****
****                 Please cite our paper!                     ****
****   Information at www.genetics.ucla.edu/software/admixture  ****

Cross-validation will be performed.  Folds=5.
Random seed: 43
Point estimation method: Block relaxation algorithm
Convergence acceleration algorithm: QuasiNewton, 3 secant conditions
Point estimation will terminate when objective function delta < 0.0001
Estimation of standard errors disabled; will compute point estimates only.
Size of G: 78x2414451
Performing five EM steps to prime main algorithm
1 (EM) 	Elapsed: 5.627	Loglikelihood: -1.61287e+08	(delta): 2.11022e+08
2 (EM) 	Elapsed: 5.578	Loglikelihood: -1.61287e+08	(delta): 0
3 (EM) 	Elapsed: 5.563	Loglikelihood: -1.61287e+08	(delta): 0
4 (EM) 	Elapsed: 5.61	Loglikelihood: -1.61287e+08	(delta): 0
5 (EM) 	Elapsed: 5.521	Loglikelihood: -1.61287e+08	(delta): 0
Initial loglikelihood: -1.61287e+08
Starting main algorithm
1 (QN/Block) 	Elapsed: 16.098	Loglikelihood: -1.61287e+08	(delta): 0
Summary: 
Converged in 1 iterations (56.458 sec)
Loglikelihood: -161286739.524672
CV error (K=1): 0.90995
Writing output files.
