****                   ADMIXTURE Version 1.3.0                  ****
****                    Copyright 2008-2015                     ****
****           David Alexander, Suyash Shringarpure,            ****
****                John  Novembre, Ken Lange                   ****
****                                                            ****
****                 Please cite our paper!                     ****
****   Information at www.genetics.ucla.edu/software/admixture  ****

Cross-validation will be performed.  Folds=5.
Random seed: 43
Point estimation method: Block relaxation algorithm
Convergence acceleration algorithm: QuasiNewton, 3 secant conditions
Point estimation will terminate when objective function delta < 0.0001
Estimation of standard errors disabled; will compute point estimates only.
Size of G: 78x2414451
Performing five EM steps to prime main algorithm
1 (EM) 	Elapsed: 21.257	Loglikelihood: -1.68493e+08	(delta): 1.10733e+08
2 (EM) 	Elapsed: 20.227	Loglikelihood: -1.60656e+08	(delta): 7.83736e+06
3 (EM) 	Elapsed: 17.432	Loglikelihood: -1.57668e+08	(delta): 2.98748e+06
4 (EM) 	Elapsed: 20.78	Loglikelihood: -1.55355e+08	(delta): 2.31275e+06
5 (EM) 	Elapsed: 21.11	Loglikelihood: -1.53236e+08	(delta): 2.11973e+06
Initial loglikelihood: -1.53236e+08
Starting main algorithm
1 (QN/Block) 	Elapsed: 68.458	Loglikelihood: -1.33598e+08	(delta): 1.9638e+07
2 (QN/Block) 	Elapsed: 67.089	Loglikelihood: -1.27676e+08	(delta): 5.92193e+06
3 (QN/Block) 	Elapsed: 74.972	Loglikelihood: -1.24835e+08	(delta): 2.84038e+06
4 (QN/Block) 	Elapsed: 76.261	Loglikelihood: -1.23339e+08	(delta): 1.49627e+06
5 (QN/Block) 	Elapsed: 75.678	Loglikelihood: -1.22529e+08	(delta): 809742
6 (QN/Block) 	Elapsed: 76.794	Loglikelihood: -1.22172e+08	(delta): 356998
7 (QN/Block) 	Elapsed: 76.045	Loglikelihood: -1.2194e+08	(delta): 231963
8 (QN/Block) 	Elapsed: 76.44	Loglikelihood: -1.21787e+08	(delta): 152982
9 (QN/Block) 	Elapsed: 76.54	Loglikelihood: -1.21694e+08	(delta): 93689
10 (QN/Block) 	Elapsed: 75.542	Loglikelihood: -1.21681e+08	(delta): 12470.5
11 (QN/Block) 	Elapsed: 75.971	Loglikelihood: -1.21678e+08	(delta): 3137.08
12 (QN/Block) 	Elapsed: 75.891	Loglikelihood: -1.21677e+08	(delta): 1081.7
13 (QN/Block) 	Elapsed: 73.712	Loglikelihood: -1.21677e+08	(delta): 191.372
14 (QN/Block) 	Elapsed: 75.824	Loglikelihood: -1.21677e+08	(delta): 57.2984
15 (QN/Block) 	Elapsed: 75.349	Loglikelihood: -1.21677e+08	(delta): 3.93653
16 (QN/Block) 	Elapsed: 76.375	Loglikelihood: -1.21677e+08	(delta): 1.05713
17 (QN/Block) 	Elapsed: 76.048	Loglikelihood: -1.21677e+08	(delta): 0.0934618
18 (QN/Block) 	Elapsed: 76.457	Loglikelihood: -1.21677e+08	(delta): 0.024279
19 (QN/Block) 	Elapsed: 75.565	Loglikelihood: -1.21677e+08	(delta): 0.00237562
20 (QN/Block) 	Elapsed: 75.804	Loglikelihood: -1.21677e+08	(delta): 0.000608385
21 (QN/Block) 	Elapsed: 76.551	Loglikelihood: -1.21677e+08	(delta): 1.63913e-05
Summary: 
Converged in 21 iterations (1743.51 sec)
Loglikelihood: -121676811.927089
Fst divergences between estimated populations: 
	Pop0	Pop1	Pop2	Pop3	Pop4	
Pop0	
Pop1	0.243	
Pop2	0.320	0.195	
Pop3	0.458	0.337	0.401	
Pop4	0.250	0.153	0.225	0.359	
Pop5	0.412	0.288	0.356	0.222	0.314	
CV error (K=6): 1.01978
Writing output files.
