****                   ADMIXTURE Version 1.3.0                  ****
****                    Copyright 2008-2015                     ****
****           David Alexander, Suyash Shringarpure,            ****
****                John  Novembre, Ken Lange                   ****
****                                                            ****
****                 Please cite our paper!                     ****
****   Information at www.genetics.ucla.edu/software/admixture  ****

Cross-validation will be performed.  Folds=5.
Random seed: 43
Point estimation method: Block relaxation algorithm
Convergence acceleration algorithm: QuasiNewton, 3 secant conditions
Point estimation will terminate when objective function delta < 0.0001
Estimation of standard errors disabled; will compute point estimates only.
Size of G: 78x2414451
Performing five EM steps to prime main algorithm
1 (EM) 	Elapsed: 39.911	Loglikelihood: -1.67825e+08	(delta): 1.02151e+08
2 (EM) 	Elapsed: 39.732	Loglikelihood: -1.60082e+08	(delta): 7.74244e+06
3 (EM) 	Elapsed: 41.239	Loglikelihood: -1.57503e+08	(delta): 2.57907e+06
4 (EM) 	Elapsed: 42.222	Loglikelihood: -1.55542e+08	(delta): 1.96098e+06
5 (EM) 	Elapsed: 40.659	Loglikelihood: -1.53773e+08	(delta): 1.76969e+06
Initial loglikelihood: -1.53773e+08
Starting main algorithm
1 (QN/Block) 	Elapsed: 140.085	Loglikelihood: -1.28333e+08	(delta): 2.54399e+07
2 (QN/Block) 	Elapsed: 137.207	Loglikelihood: -1.20645e+08	(delta): 7.68733e+06
3 (QN/Block) 	Elapsed: 143.854	Loglikelihood: -1.16783e+08	(delta): 3.86206e+06
4 (QN/Block) 	Elapsed: 147.518	Loglikelihood: -1.14346e+08	(delta): 2.43729e+06
5 (QN/Block) 	Elapsed: 156.083	Loglikelihood: -1.13095e+08	(delta): 1.25065e+06
6 (QN/Block) 	Elapsed: 157.985	Loglikelihood: -1.12616e+08	(delta): 479500
7 (QN/Block) 	Elapsed: 156.505	Loglikelihood: -1.12364e+08	(delta): 251889
8 (QN/Block) 	Elapsed: 149.39	Loglikelihood: -1.12166e+08	(delta): 197899
9 (QN/Block) 	Elapsed: 152.037	Loglikelihood: -1.12019e+08	(delta): 147167
10 (QN/Block) 	Elapsed: 154.242	Loglikelihood: -1.1186e+08	(delta): 158730
11 (QN/Block) 	Elapsed: 159.37	Loglikelihood: -1.11725e+08	(delta): 135483
12 (QN/Block) 	Elapsed: 149.244	Loglikelihood: -1.11633e+08	(delta): 91790
13 (QN/Block) 	Elapsed: 147.607	Loglikelihood: -1.1155e+08	(delta): 82751.8
14 (QN/Block) 	Elapsed: 149.307	Loglikelihood: -1.11499e+08	(delta): 51080
15 (QN/Block) 	Elapsed: 153.631	Loglikelihood: -1.1147e+08	(delta): 29366.7
16 (QN/Block) 	Elapsed: 160.891	Loglikelihood: -1.11437e+08	(delta): 32254.2
17 (QN/Block) 	Elapsed: 163.66	Loglikelihood: -1.11409e+08	(delta): 28511.6
18 (QN/Block) 	Elapsed: 159.64	Loglikelihood: -1.11389e+08	(delta): 20292.8
19 (QN/Block) 	Elapsed: 152.237	Loglikelihood: -1.11354e+08	(delta): 35022
20 (QN/Block) 	Elapsed: 160.547	Loglikelihood: -1.11278e+08	(delta): 75848
21 (QN/Block) 	Elapsed: 157.326	Loglikelihood: -1.11201e+08	(delta): 76723.4
22 (QN/Block) 	Elapsed: 158.258	Loglikelihood: -1.11131e+08	(delta): 70257.1
23 (QN/Block) 	Elapsed: 156.461	Loglikelihood: -1.11091e+08	(delta): 40024.4
24 (QN/Block) 	Elapsed: 159.301	Loglikelihood: -1.11061e+08	(delta): 29494.9
25 (QN/Block) 	Elapsed: 157.135	Loglikelihood: -1.11046e+08	(delta): 14833.1
26 (QN/Block) 	Elapsed: 157.403	Loglikelihood: -1.11024e+08	(delta): 22339.9
27 (QN/Block) 	Elapsed: 157.314	Loglikelihood: -1.10993e+08	(delta): 30667.3
28 (QN/Block) 	Elapsed: 147.485	Loglikelihood: -1.10955e+08	(delta): 38152.6
29 (QN/Block) 	Elapsed: 156.821	Loglikelihood: -1.1093e+08	(delta): 25314.3
30 (QN/Block) 	Elapsed: 158.597	Loglikelihood: -1.10913e+08	(delta): 17176.5
31 (QN/Block) 	Elapsed: 158.852	Loglikelihood: -1.10898e+08	(delta): 15292.1
32 (QN/Block) 	Elapsed: 157.762	Loglikelihood: -1.10884e+08	(delta): 13227.4
33 (QN/Block) 	Elapsed: 156.758	Loglikelihood: -1.10871e+08	(delta): 12959
34 (QN/Block) 	Elapsed: 158.941	Loglikelihood: -1.10865e+08	(delta): 6368.31
35 (QN/Block) 	Elapsed: 167.31	Loglikelihood: -1.10861e+08	(delta): 3987.77
36 (QN/Block) 	Elapsed: 169.664	Loglikelihood: -1.10853e+08	(delta): 7955.38
37 (QN/Block) 	Elapsed: 164.296	Loglikelihood: -1.1084e+08	(delta): 13016.9
38 (QN/Block) 	Elapsed: 142.772	Loglikelihood: -1.10822e+08	(delta): 17519.7
39 (QN/Block) 	Elapsed: 156.307	Loglikelihood: -1.10809e+08	(delta): 13776.1
40 (QN/Block) 	Elapsed: 164.862	Loglikelihood: -1.10799e+08	(delta): 9604.3
41 (QN/Block) 	Elapsed: 157.49	Loglikelihood: -1.10793e+08	(delta): 6066.73
42 (QN/Block) 	Elapsed: 160.89	Loglikelihood: -1.10787e+08	(delta): 5670.08
43 (QN/Block) 	Elapsed: 148.672	Loglikelihood: -1.10778e+08	(delta): 9716.01
44 (QN/Block) 	Elapsed: 154.06	Loglikelihood: -1.10766e+08	(delta): 12137.7
45 (QN/Block) 	Elapsed: 155.168	Loglikelihood: -1.10761e+08	(delta): 4648.7
46 (QN/Block) 	Elapsed: 159.892	Loglikelihood: -1.10757e+08	(delta): 4306.46
47 (QN/Block) 	Elapsed: 166.765	Loglikelihood: -1.10745e+08	(delta): 11581.7
48 (QN/Block) 	Elapsed: 154.276	Loglikelihood: -1.10722e+08	(delta): 23053.2
49 (QN/Block) 	Elapsed: 168.295	Loglikelihood: -1.10702e+08	(delta): 19813.3
50 (QN/Block) 	Elapsed: 160.804	Loglikelihood: -1.10682e+08	(delta): 20012.7
51 (QN/Block) 	Elapsed: 150.113	Loglikelihood: -1.10668e+08	(delta): 13756.3
52 (QN/Block) 	Elapsed: 146.783	Loglikelihood: -1.10664e+08	(delta): 3904.12
53 (QN/Block) 	Elapsed: 146.47	Loglikelihood: -1.10663e+08	(delta): 1197.49
54 (QN/Block) 	Elapsed: 149.12	Loglikelihood: -1.10663e+08	(delta): 272.606
55 (QN/Block) 	Elapsed: 146.736	Loglikelihood: -1.10663e+08	(delta): 173.484
56 (QN/Block) 	Elapsed: 154.333	Loglikelihood: -1.10662e+08	(delta): 357.122
57 (QN/Block) 	Elapsed: 153.127	Loglikelihood: -1.10662e+08	(delta): 269.621
58 (QN/Block) 	Elapsed: 156.592	Loglikelihood: -1.10662e+08	(delta): 136.425
59 (QN/Block) 	Elapsed: 168.231	Loglikelihood: -1.10662e+08	(delta): 119.79
60 (QN/Block) 	Elapsed: 168.228	Loglikelihood: -1.10662e+08	(delta): 33.188
61 (QN/Block) 	Elapsed: 168.489	Loglikelihood: -1.10662e+08	(delta): 31.0203
62 (QN/Block) 	Elapsed: 163.815	Loglikelihood: -1.10662e+08	(delta): 31.9946
63 (QN/Block) 	Elapsed: 160.87	Loglikelihood: -1.10662e+08	(delta): 33.5586
64 (QN/Block) 	Elapsed: 170.273	Loglikelihood: -1.10662e+08	(delta): 35.4285
65 (QN/Block) 	Elapsed: 165.791	Loglikelihood: -1.10662e+08	(delta): 37.2742
66 (QN/Block) 	Elapsed: 168.186	Loglikelihood: -1.10662e+08	(delta): 39.0456
67 (QN/Block) 	Elapsed: 158.882	Loglikelihood: -1.10662e+08	(delta): 40.8246
68 (QN/Block) 	Elapsed: 167.946	Loglikelihood: -1.10662e+08	(delta): 42.2584
69 (QN/Block) 	Elapsed: 168.967	Loglikelihood: -1.10662e+08	(delta): 43.3869
70 (QN/Block) 	Elapsed: 169.966	Loglikelihood: -1.10661e+08	(delta): 78.8746
71 (QN/Block) 	Elapsed: 168.807	Loglikelihood: -1.10661e+08	(delta): 147.859
72 (QN/Block) 	Elapsed: 161.962	Loglikelihood: -1.10661e+08	(delta): 93.4236
73 (QN/Block) 	Elapsed: 164.099	Loglikelihood: -1.10661e+08	(delta): 38.0162
74 (QN/Block) 	Elapsed: 166.523	Loglikelihood: -1.10661e+08	(delta): 36.7511
75 (QN/Block) 	Elapsed: 163.556	Loglikelihood: -1.10661e+08	(delta): 52.0196
76 (QN/Block) 	Elapsed: 164.743	Loglikelihood: -1.10661e+08	(delta): 47.0987
77 (QN/Block) 	Elapsed: 158.821	Loglikelihood: -1.10661e+08	(delta): 11.2702
78 (QN/Block) 	Elapsed: 168.301	Loglikelihood: -1.10661e+08	(delta): 15.0494
79 (QN/Block) 	Elapsed: 167.866	Loglikelihood: -1.10661e+08	(delta): 14.442
80 (QN/Block) 	Elapsed: 169.122	Loglikelihood: -1.10661e+08	(delta): 17.2571
81 (QN/Block) 	Elapsed: 157.035	Loglikelihood: -1.10661e+08	(delta): 21.0331
82 (QN/Block) 	Elapsed: 158.756	Loglikelihood: -1.10661e+08	(delta): 25.6138
83 (QN/Block) 	Elapsed: 163.869	Loglikelihood: -1.10661e+08	(delta): 31.11
84 (QN/Block) 	Elapsed: 166.189	Loglikelihood: -1.10661e+08	(delta): 37.5017
85 (QN/Block) 	Elapsed: 167.877	Loglikelihood: -1.10661e+08	(delta): 44.6077
86 (QN/Block) 	Elapsed: 155.049	Loglikelihood: -1.10661e+08	(delta): 51.9916
87 (QN/Block) 	Elapsed: 164.028	Loglikelihood: -1.10661e+08	(delta): 58.8439
88 (QN/Block) 	Elapsed: 160.454	Loglikelihood: -1.10661e+08	(delta): 64.7975
89 (QN/Block) 	Elapsed: 157.274	Loglikelihood: -1.10661e+08	(delta): 69.5075
90 (QN/Block) 	Elapsed: 160.816	Loglikelihood: -1.10661e+08	(delta): 72.8055
91 (QN/Block) 	Elapsed: 156.322	Loglikelihood: -1.1066e+08	(delta): 73.9874
92 (QN/Block) 	Elapsed: 167.713	Loglikelihood: -1.1066e+08	(delta): 97.3907
93 (QN/Block) 	Elapsed: 166.794	Loglikelihood: -1.1066e+08	(delta): 218.197
94 (QN/Block) 	Elapsed: 154.299	Loglikelihood: -1.1066e+08	(delta): 41.8329
95 (QN/Block) 	Elapsed: 143.616	Loglikelihood: -1.1066e+08	(delta): 37.1626
96 (QN/Block) 	Elapsed: 147.742	Loglikelihood: -1.1066e+08	(delta): 3.27596
97 (QN/Block) 	Elapsed: 147.942	Loglikelihood: -1.1066e+08	(delta): 0.827827
98 (QN/Block) 	Elapsed: 147.289	Loglikelihood: -1.1066e+08	(delta): 0.556696
99 (QN/Block) 	Elapsed: 148.943	Loglikelihood: -1.1066e+08	(delta): 0.0438978
100 (QN/Block) 	Elapsed: 146.462	Loglikelihood: -1.1066e+08	(delta): 0.0285499
101 (QN/Block) 	Elapsed: 142.513	Loglikelihood: -1.1066e+08	(delta): 0.000762746
102 (QN/Block) 	Elapsed: 147.651	Loglikelihood: -1.1066e+08	(delta): 0.000156268
103 (QN/Block) 	Elapsed: 156.73	Loglikelihood: -1.1066e+08	(delta): 1.83582e-05
Summary: 
Converged in 103 iterations (16765.5 sec)
Loglikelihood: -110660039.282729
Fst divergences between estimated populations: 
	Pop0	Pop1	Pop2	Pop3	Pop4	Pop5	Pop6	Pop7	Pop8	
Pop0	
Pop1	0.214	
Pop2	0.201	0.175	
Pop3	0.372	0.349	0.320	
Pop4	0.259	0.287	0.246	0.422	
Pop5	0.331	0.304	0.281	0.449	0.361	
Pop6	0.417	0.392	0.366	0.266	0.466	0.493	
Pop7	0.259	0.249	0.268	0.435	0.363	0.398	0.480	
Pop8	0.384	0.361	0.330	0.221	0.435	0.461	0.321	0.447	
Pop9	0.228	0.230	0.196	0.370	0.291	0.328	0.415	0.302	0.380	
CV error (K=10): 1.32106
Writing output files.
