****                   ADMIXTURE Version 1.3.0                  ****
****                    Copyright 2008-2015                     ****
****           David Alexander, Suyash Shringarpure,            ****
****                John  Novembre, Ken Lange                   ****
****                                                            ****
****                 Please cite our paper!                     ****
****   Information at www.genetics.ucla.edu/software/admixture  ****

Cross-validation will be performed.  Folds=5.
Random seed: 43
Point estimation method: Block relaxation algorithm
Convergence acceleration algorithm: QuasiNewton, 3 secant conditions
Point estimation will terminate when objective function delta < 0.0001
Estimation of standard errors disabled; will compute point estimates only.
Size of G: 78x2414451
Performing five EM steps to prime main algorithm
1 (EM) 	Elapsed: 7.972	Loglikelihood: -1.67616e+08	(delta): 1.51795e+08
2 (EM) 	Elapsed: 7.757	Loglikelihood: -1.61832e+08	(delta): 5.78394e+06
3 (EM) 	Elapsed: 7.965	Loglikelihood: -1.60257e+08	(delta): 1.57486e+06
4 (EM) 	Elapsed: 8.126	Loglikelihood: -1.59479e+08	(delta): 778704
5 (EM) 	Elapsed: 7.956	Loglikelihood: -1.59044e+08	(delta): 434712
Initial loglikelihood: -1.59044e+08
Starting main algorithm
1 (QN/Block) 	Elapsed: 20.699	Loglikelihood: -1.50165e+08	(delta): 8.87948e+06
2 (QN/Block) 	Elapsed: 21.42	Loglikelihood: -1.44904e+08	(delta): 5.26043e+06
3 (QN/Block) 	Elapsed: 25.098	Loglikelihood: -1.42999e+08	(delta): 1.90469e+06
4 (QN/Block) 	Elapsed: 25.673	Loglikelihood: -1.39284e+08	(delta): 3.71506e+06
5 (QN/Block) 	Elapsed: 26.564	Loglikelihood: -1.38616e+08	(delta): 668047
6 (QN/Block) 	Elapsed: 24.481	Loglikelihood: -1.38432e+08	(delta): 184006
7 (QN/Block) 	Elapsed: 24.897	Loglikelihood: -1.38363e+08	(delta): 69148.8
8 (QN/Block) 	Elapsed: 24.49	Loglikelihood: -1.38355e+08	(delta): 7738.16
9 (QN/Block) 	Elapsed: 24.299	Loglikelihood: -1.38355e+08	(delta): 814.882
10 (QN/Block) 	Elapsed: 24.62	Loglikelihood: -1.38354e+08	(delta): 167.297
11 (QN/Block) 	Elapsed: 24.895	Loglikelihood: -1.38354e+08	(delta): 67.9609
12 (QN/Block) 	Elapsed: 27.957	Loglikelihood: -1.38354e+08	(delta): 20.9814
13 (QN/Block) 	Elapsed: 24.861	Loglikelihood: -1.38354e+08	(delta): 0.80051
14 (QN/Block) 	Elapsed: 24.438	Loglikelihood: -1.38354e+08	(delta): 0.35717
15 (QN/Block) 	Elapsed: 24.902	Loglikelihood: -1.38354e+08	(delta): 0.206107
16 (QN/Block) 	Elapsed: 25.641	Loglikelihood: -1.38354e+08	(delta): 0.00176552
17 (QN/Block) 	Elapsed: 25.737	Loglikelihood: -1.38354e+08	(delta): 4.92632e-05
Summary: 
Converged in 17 iterations (496.689 sec)
Loglikelihood: -138354337.270052
Fst divergences between estimated populations: 
	Pop0	
Pop0	
Pop1	0.249	
CV error (K=2): 0.83688
Writing output files.
