****                   ADMIXTURE Version 1.3.0                  ****
****                    Copyright 2008-2015                     ****
****           David Alexander, Suyash Shringarpure,            ****
****                John  Novembre, Ken Lange                   ****
****                                                            ****
****                 Please cite our paper!                     ****
****   Information at www.genetics.ucla.edu/software/admixture  ****

Cross-validation will be performed.  Folds=5.
Random seed: 43
Point estimation method: Block relaxation algorithm
Convergence acceleration algorithm: QuasiNewton, 3 secant conditions
Point estimation will terminate when objective function delta < 0.0001
Estimation of standard errors disabled; will compute point estimates only.
Size of G: 78x2414451
Performing five EM steps to prime main algorithm
1 (EM) 	Elapsed: 10.076	Loglikelihood: -1.68919e+08	(delta): 1.31302e+08
2 (EM) 	Elapsed: 9.989	Loglikelihood: -1.61767e+08	(delta): 7.15195e+06
3 (EM) 	Elapsed: 10.019	Loglikelihood: -1.59269e+08	(delta): 2.49838e+06
4 (EM) 	Elapsed: 10.169	Loglikelihood: -1.57634e+08	(delta): 1.63454e+06
5 (EM) 	Elapsed: 10.184	Loglikelihood: -1.56307e+08	(delta): 1.32704e+06
Initial loglikelihood: -1.56307e+08
Starting main algorithm
1 (QN/Block) 	Elapsed: 26.795	Loglikelihood: -1.41509e+08	(delta): 1.47983e+07
2 (QN/Block) 	Elapsed: 26.963	Loglikelihood: -1.37393e+08	(delta): 4.11585e+06
3 (QN/Block) 	Elapsed: 31.61	Loglikelihood: -1.34844e+08	(delta): 2.54956e+06
4 (QN/Block) 	Elapsed: 33.083	Loglikelihood: -1.33328e+08	(delta): 1.5159e+06
5 (QN/Block) 	Elapsed: 31.664	Loglikelihood: -1.32771e+08	(delta): 557049
6 (QN/Block) 	Elapsed: 31.602	Loglikelihood: -1.32587e+08	(delta): 183793
7 (QN/Block) 	Elapsed: 31.674	Loglikelihood: -1.32514e+08	(delta): 73232.1
8 (QN/Block) 	Elapsed: 34.937	Loglikelihood: -1.32462e+08	(delta): 52183.7
9 (QN/Block) 	Elapsed: 32.141	Loglikelihood: -1.32451e+08	(delta): 10100
10 (QN/Block) 	Elapsed: 31.804	Loglikelihood: -1.3245e+08	(delta): 1362.61
11 (QN/Block) 	Elapsed: 31.573	Loglikelihood: -1.3245e+08	(delta): 336.591
12 (QN/Block) 	Elapsed: 31.427	Loglikelihood: -1.32449e+08	(delta): 568.191
13 (QN/Block) 	Elapsed: 31.848	Loglikelihood: -1.32448e+08	(delta): 1252.83
14 (QN/Block) 	Elapsed: 32.023	Loglikelihood: -1.32447e+08	(delta): 1153.18
15 (QN/Block) 	Elapsed: 37.401	Loglikelihood: -1.32446e+08	(delta): 729.848
16 (QN/Block) 	Elapsed: 37.102	Loglikelihood: -1.32446e+08	(delta): 112.481
17 (QN/Block) 	Elapsed: 37.066	Loglikelihood: -1.32446e+08	(delta): 37.8826
18 (QN/Block) 	Elapsed: 36.703	Loglikelihood: -1.32446e+08	(delta): -0.714346
19 (QN/Block) 	Elapsed: 32.746	Loglikelihood: -1.32446e+08	(delta): 25.9515
20 (QN/Block) 	Elapsed: 36.631	Loglikelihood: -1.32446e+08	(delta): 10.8034
21 (QN/Block) 	Elapsed: 31.833	Loglikelihood: -1.32446e+08	(delta): 7.19347
22 (QN/Block) 	Elapsed: 36.383	Loglikelihood: -1.32446e+08	(delta): 1.03332
23 (QN/Block) 	Elapsed: 31.905	Loglikelihood: -1.32446e+08	(delta): 0.011122
24 (QN/Block) 	Elapsed: 31.925	Loglikelihood: -1.32446e+08	(delta): 0.000447169
25 (QN/Block) 	Elapsed: 31.973	Loglikelihood: -1.32446e+08	(delta): 3.04282e-05
Summary: 
Converged in 25 iterations (920.972 sec)
Loglikelihood: -132445865.711406
Fst divergences between estimated populations: 
	Pop0	Pop1	
Pop0	
Pop1	0.166	
Pop2	0.336	0.253	
CV error (K=3): 0.87834
Writing output files.
