****                   ADMIXTURE Version 1.3.0                  ****
****                    Copyright 2008-2015                     ****
****           David Alexander, Suyash Shringarpure,            ****
****                John  Novembre, Ken Lange                   ****
****                                                            ****
****                 Please cite our paper!                     ****
****   Information at www.genetics.ucla.edu/software/admixture  ****

Cross-validation will be performed.  Folds=5.
Random seed: 43
Point estimation method: Block relaxation algorithm
Convergence acceleration algorithm: QuasiNewton, 3 secant conditions
Point estimation will terminate when objective function delta < 0.0001
Estimation of standard errors disabled; will compute point estimates only.
Size of G: 78x2414451
Performing five EM steps to prime main algorithm
1 (EM) 	Elapsed: 16.158	Loglikelihood: -1.6905e+08	(delta): 1.13848e+08
2 (EM) 	Elapsed: 16.741	Loglikelihood: -1.61698e+08	(delta): 7.35193e+06
3 (EM) 	Elapsed: 16.323	Loglikelihood: -1.5925e+08	(delta): 2.44797e+06
4 (EM) 	Elapsed: 15.682	Loglikelihood: -1.57651e+08	(delta): 1.59873e+06
5 (EM) 	Elapsed: 14.192	Loglikelihood: -1.56441e+08	(delta): 1.2102e+06
Initial loglikelihood: -1.56441e+08
Starting main algorithm
1 (QN/Block) 	Elapsed: 46.177	Loglikelihood: -1.38152e+08	(delta): 1.82894e+07
2 (QN/Block) 	Elapsed: 46.101	Loglikelihood: -1.30674e+08	(delta): 7.47774e+06
3 (QN/Block) 	Elapsed: 54.902	Loglikelihood: -1.27848e+08	(delta): 2.82624e+06
4 (QN/Block) 	Elapsed: 52.59	Loglikelihood: -1.26462e+08	(delta): 1.38604e+06
5 (QN/Block) 	Elapsed: 53.359	Loglikelihood: -1.25827e+08	(delta): 635189
6 (QN/Block) 	Elapsed: 54.221	Loglikelihood: -1.2546e+08	(delta): 366054
7 (QN/Block) 	Elapsed: 55.525	Loglikelihood: -1.25301e+08	(delta): 159807
8 (QN/Block) 	Elapsed: 52.976	Loglikelihood: -1.25135e+08	(delta): 165941
9 (QN/Block) 	Elapsed: 51.175	Loglikelihood: -1.25004e+08	(delta): 130545
10 (QN/Block) 	Elapsed: 53.374	Loglikelihood: -1.24919e+08	(delta): 84893.8
11 (QN/Block) 	Elapsed: 51.755	Loglikelihood: -1.24863e+08	(delta): 56199.7
12 (QN/Block) 	Elapsed: 51.513	Loglikelihood: -1.24836e+08	(delta): 26751.3
13 (QN/Block) 	Elapsed: 50.093	Loglikelihood: -1.24824e+08	(delta): 11964
14 (QN/Block) 	Elapsed: 51.629	Loglikelihood: -1.24811e+08	(delta): 13864.9
15 (QN/Block) 	Elapsed: 51.566	Loglikelihood: -1.24799e+08	(delta): 11097.8
16 (QN/Block) 	Elapsed: 52.307	Loglikelihood: -1.24795e+08	(delta): 4180.94
17 (QN/Block) 	Elapsed: 56.432	Loglikelihood: -1.24791e+08	(delta): 3771.06
18 (QN/Block) 	Elapsed: 58.432	Loglikelihood: -1.24789e+08	(delta): 2224.86
19 (QN/Block) 	Elapsed: 56.272	Loglikelihood: -1.24786e+08	(delta): 2848.17
20 (QN/Block) 	Elapsed: 60.253	Loglikelihood: -1.24783e+08	(delta): 3851.09
21 (QN/Block) 	Elapsed: 62.898	Loglikelihood: -1.24769e+08	(delta): 13242.6
22 (QN/Block) 	Elapsed: 66.606	Loglikelihood: -1.24746e+08	(delta): 23131
23 (QN/Block) 	Elapsed: 60.287	Loglikelihood: -1.24731e+08	(delta): 15257.8
24 (QN/Block) 	Elapsed: 65.685	Loglikelihood: -1.24713e+08	(delta): 18213.3
25 (QN/Block) 	Elapsed: 67.614	Loglikelihood: -1.24708e+08	(delta): 5180.82
26 (QN/Block) 	Elapsed: 57.667	Loglikelihood: -1.24702e+08	(delta): 5849.93
27 (QN/Block) 	Elapsed: 59.465	Loglikelihood: -1.24699e+08	(delta): 2996.49
28 (QN/Block) 	Elapsed: 56.519	Loglikelihood: -1.24696e+08	(delta): 2413.53
29 (QN/Block) 	Elapsed: 59.487	Loglikelihood: -1.24693e+08	(delta): 3269.69
30 (QN/Block) 	Elapsed: 57.56	Loglikelihood: -1.2469e+08	(delta): 2765.05
31 (QN/Block) 	Elapsed: 57.905	Loglikelihood: -1.24688e+08	(delta): 2089.86
32 (QN/Block) 	Elapsed: 58.339	Loglikelihood: -1.24687e+08	(delta): 1558.29
33 (QN/Block) 	Elapsed: 55.899	Loglikelihood: -1.24685e+08	(delta): 1201.89
34 (QN/Block) 	Elapsed: 55.915	Loglikelihood: -1.24684e+08	(delta): 1306.34
35 (QN/Block) 	Elapsed: 61.758	Loglikelihood: -1.24683e+08	(delta): 1547.25
36 (QN/Block) 	Elapsed: 61.229	Loglikelihood: -1.24681e+08	(delta): 1928.51
37 (QN/Block) 	Elapsed: 59.52	Loglikelihood: -1.24679e+08	(delta): 1923.85
38 (QN/Block) 	Elapsed: 62.109	Loglikelihood: -1.24677e+08	(delta): 1405.28
39 (QN/Block) 	Elapsed: 62.041	Loglikelihood: -1.24677e+08	(delta): 662.25
40 (QN/Block) 	Elapsed: 61.944	Loglikelihood: -1.24676e+08	(delta): 779.65
41 (QN/Block) 	Elapsed: 61.977	Loglikelihood: -1.24675e+08	(delta): 1030.64
42 (QN/Block) 	Elapsed: 62.393	Loglikelihood: -1.24674e+08	(delta): 1253.19
43 (QN/Block) 	Elapsed: 59.803	Loglikelihood: -1.24672e+08	(delta): 1279.03
44 (QN/Block) 	Elapsed: 62.788	Loglikelihood: -1.24671e+08	(delta): 1247.44
45 (QN/Block) 	Elapsed: 61.464	Loglikelihood: -1.24671e+08	(delta): 89.0135
46 (QN/Block) 	Elapsed: 56.234	Loglikelihood: -1.24671e+08	(delta): 65.3703
47 (QN/Block) 	Elapsed: 62.37	Loglikelihood: -1.24671e+08	(delta): 5.47633
48 (QN/Block) 	Elapsed: 56.473	Loglikelihood: -1.24671e+08	(delta): 1.34176
49 (QN/Block) 	Elapsed: 55.827	Loglikelihood: -1.24671e+08	(delta): 0.357496
50 (QN/Block) 	Elapsed: 55.609	Loglikelihood: -1.24671e+08	(delta): 0.100404
51 (QN/Block) 	Elapsed: 55.524	Loglikelihood: -1.24671e+08	(delta): 0.0257203
52 (QN/Block) 	Elapsed: 55.709	Loglikelihood: -1.24671e+08	(delta): 0.0185298
53 (QN/Block) 	Elapsed: 55.928	Loglikelihood: -1.24671e+08	(delta): 0.00244336
54 (QN/Block) 	Elapsed: 55.857	Loglikelihood: -1.24671e+08	(delta): 0.00124221
55 (QN/Block) 	Elapsed: 55.409	Loglikelihood: -1.24671e+08	(delta): 9.72003e-05
Summary: 
Converged in 55 iterations (3341.26 sec)
Loglikelihood: -124670862.014057
Fst divergences between estimated populations: 
	Pop0	Pop1	Pop2	Pop3	
Pop0	
Pop1	0.150	
Pop2	0.303	0.274	
Pop3	0.219	0.211	0.349	
Pop4	0.266	0.244	0.397	0.325	
CV error (K=5): 0.98576
Writing output files.
