****                   ADMIXTURE Version 1.3.0                  ****
****                    Copyright 2008-2015                     ****
****           David Alexander, Suyash Shringarpure,            ****
****                John  Novembre, Ken Lange                   ****
****                                                            ****
****                 Please cite our paper!                     ****
****   Information at www.genetics.ucla.edu/software/admixture  ****

Cross-validation will be performed.  Folds=5.
Random seed: 43
Point estimation method: Block relaxation algorithm
Convergence acceleration algorithm: QuasiNewton, 3 secant conditions
Point estimation will terminate when objective function delta < 0.0001
Estimation of standard errors disabled; will compute point estimates only.
Size of G: 78x2414451
Performing five EM steps to prime main algorithm
1 (EM) 	Elapsed: 21.177	Loglikelihood: -1.68129e+08	(delta): 1.07865e+08
2 (EM) 	Elapsed: 20.901	Loglikelihood: -1.602e+08	(delta): 7.92919e+06
3 (EM) 	Elapsed: 21.017	Loglikelihood: -1.5723e+08	(delta): 2.9692e+06
4 (EM) 	Elapsed: 20.917	Loglikelihood: -1.54933e+08	(delta): 2.29774e+06
5 (EM) 	Elapsed: 21.114	Loglikelihood: -1.52847e+08	(delta): 2.08565e+06
Initial loglikelihood: -1.52847e+08
Starting main algorithm
1 (QN/Block) 	Elapsed: 68.752	Loglikelihood: -1.30817e+08	(delta): 2.20299e+07
2 (QN/Block) 	Elapsed: 67.888	Loglikelihood: -1.24499e+08	(delta): 6.31794e+06
3 (QN/Block) 	Elapsed: 75.959	Loglikelihood: -1.21683e+08	(delta): 2.81602e+06
4 (QN/Block) 	Elapsed: 77.292	Loglikelihood: -1.20084e+08	(delta): 1.59948e+06
5 (QN/Block) 	Elapsed: 78.161	Loglikelihood: -1.19157e+08	(delta): 926617
6 (QN/Block) 	Elapsed: 77.484	Loglikelihood: -1.18846e+08	(delta): 310624
7 (QN/Block) 	Elapsed: 76.757	Loglikelihood: -1.18749e+08	(delta): 97724.5
8 (QN/Block) 	Elapsed: 76.649	Loglikelihood: -1.18702e+08	(delta): 47050.5
9 (QN/Block) 	Elapsed: 77.169	Loglikelihood: -1.18677e+08	(delta): 24898.5
10 (QN/Block) 	Elapsed: 78.23	Loglikelihood: -1.18668e+08	(delta): 8957.77
11 (QN/Block) 	Elapsed: 80.87	Loglikelihood: -1.18663e+08	(delta): 5063.47
12 (QN/Block) 	Elapsed: 87.794	Loglikelihood: -1.18661e+08	(delta): 1590.33
13 (QN/Block) 	Elapsed: 89.314	Loglikelihood: -1.1866e+08	(delta): 900.416
14 (QN/Block) 	Elapsed: 93.63	Loglikelihood: -1.18659e+08	(delta): 750.853
15 (QN/Block) 	Elapsed: 87.7	Loglikelihood: -1.18659e+08	(delta): 964.651
16 (QN/Block) 	Elapsed: 85.905	Loglikelihood: -1.18655e+08	(delta): 3412.21
17 (QN/Block) 	Elapsed: 83.756	Loglikelihood: -1.18651e+08	(delta): 3743.35
18 (QN/Block) 	Elapsed: 90.066	Loglikelihood: -1.18649e+08	(delta): 2580.34
19 (QN/Block) 	Elapsed: 93.897	Loglikelihood: -1.18649e+08	(delta): 96.9208
20 (QN/Block) 	Elapsed: 87.559	Loglikelihood: -1.18649e+08	(delta): 44.6342
21 (QN/Block) 	Elapsed: 87.073	Loglikelihood: -1.18649e+08	(delta): 35.6627
22 (QN/Block) 	Elapsed: 86.546	Loglikelihood: -1.18649e+08	(delta): 13.5245
23 (QN/Block) 	Elapsed: 88.394	Loglikelihood: -1.18649e+08	(delta): 0.568431
24 (QN/Block) 	Elapsed: 90.387	Loglikelihood: -1.18649e+08	(delta): 0.0596486
25 (QN/Block) 	Elapsed: 90.469	Loglikelihood: -1.18649e+08	(delta): 0.012995
26 (QN/Block) 	Elapsed: 84.806	Loglikelihood: -1.18649e+08	(delta): 0.00333148
27 (QN/Block) 	Elapsed: 82.478	Loglikelihood: -1.18649e+08	(delta): 0.00168882
28 (QN/Block) 	Elapsed: 86.597	Loglikelihood: -1.18649e+08	(delta): 0.000261143
29 (QN/Block) 	Elapsed: 86.147	Loglikelihood: -1.18649e+08	(delta): 7.72327e-05
Summary: 
Converged in 29 iterations (2600.98 sec)
Loglikelihood: -118648584.355311
Fst divergences between estimated populations: 
	Pop0	Pop1	Pop2	Pop3	Pop4	Pop5	
Pop0	
Pop1	0.278	
Pop2	0.260	0.174	
Pop3	0.362	0.244	0.257	
Pop4	0.291	0.195	0.207	0.270	
Pop5	0.476	0.365	0.369	0.442	0.398	
Pop6	0.421	0.308	0.317	0.391	0.344	0.250	
CV error (K=7): 1.07111
Writing output files.
